<?xml version="1.0" encoding="UTF-8"?>
<!-- Generated by org.testng.reporters.JUnitReportReporter -->
<testsuite hostname="Nishant-Singh.local" failures="0" tests="2" name="com.tests.Tests" time="6.183" errors="0" timestamp="2022-05-24T20:07:47 IST" skipped="0">
  <testcase classname="com.tests.Tests" name="Register" time="2.719"/>
  <system-out/>
  <testcase classname="com.tests.Tests" name="Login" time="3.464"/>
  <system-out/>
</testsuite> <!-- com.tests.Tests -->
